<?xml version="1.0" encoding="UTF-8"?>
<testng-results ignored="0" total="4" passed="4" failed="0" skipped="0">
  <reporter-output>
  </reporter-output>
  <suite started-at="2021-10-10T16:31:33 GMT-03:00" name="Default suite" finished-at="2021-10-10T16:32:15 GMT-03:00" duration-ms="42156">
    <groups>
    </groups>
    <test started-at="2021-10-10T16:31:33 GMT-03:00" name="Default test" finished-at="2021-10-10T16:32:15 GMT-03:00" duration-ms="42156">
      <class name="tests.LoginTest">
        <test-method is-config="true" signature="beforeMethod()[pri:0, instance:tests.LoginTest@648c94da]" started-at="2021-10-10T16:31:33 GMT-03:00" name="beforeMethod" finished-at="2021-10-10T16:31:42 GMT-03:00" duration-ms="9168" status="PASS">
          <reporter-output>
          </reporter-output>
        </test-method> <!-- beforeMethod -->
        <test-method signature="loginWithWrongEmailPasswordTest()[pri:1, instance:tests.LoginTest@648c94da]" started-at="2021-10-10T16:31:42 GMT-03:00" name="loginWithWrongEmailPasswordTest" finished-at="2021-10-10T16:31:45 GMT-03:00" duration-ms="2714" status="PASS">
          <reporter-output>
          </reporter-output>
        </test-method> <!-- loginWithWrongEmailPasswordTest -->
        <test-method is-config="true" signature="afterMethod()[pri:0, instance:tests.LoginTest@648c94da]" started-at="2021-10-10T16:31:45 GMT-03:00" name="afterMethod" finished-at="2021-10-10T16:31:46 GMT-03:00" duration-ms="752" status="PASS">
          <reporter-output>
          </reporter-output>
        </test-method> <!-- afterMethod -->
        <test-method is-config="true" signature="beforeMethod()[pri:0, instance:tests.LoginTest@648c94da]" started-at="2021-10-10T16:31:46 GMT-03:00" name="beforeMethod" finished-at="2021-10-10T16:31:52 GMT-03:00" duration-ms="6308" status="PASS">
          <reporter-output>
          </reporter-output>
        </test-method> <!-- beforeMethod -->
        <test-method signature="loginWithEmptyEmailTest()[pri:2, instance:tests.LoginTest@648c94da]" started-at="2021-10-10T16:31:52 GMT-03:00" name="loginWithEmptyEmailTest" finished-at="2021-10-10T16:31:55 GMT-03:00" duration-ms="2468" status="PASS">
          <reporter-output>
          </reporter-output>
        </test-method> <!-- loginWithEmptyEmailTest -->
        <test-method is-config="true" signature="afterMethod()[pri:0, instance:tests.LoginTest@648c94da]" started-at="2021-10-10T16:31:55 GMT-03:00" name="afterMethod" finished-at="2021-10-10T16:31:55 GMT-03:00" duration-ms="716" status="PASS">
          <reporter-output>
          </reporter-output>
        </test-method> <!-- afterMethod -->
        <test-method is-config="true" signature="beforeMethod()[pri:0, instance:tests.LoginTest@648c94da]" started-at="2021-10-10T16:31:55 GMT-03:00" name="beforeMethod" finished-at="2021-10-10T16:32:02 GMT-03:00" duration-ms="6423" status="PASS">
          <reporter-output>
          </reporter-output>
        </test-method> <!-- beforeMethod -->
        <test-method signature="loginWithEmptyPasswordTest()[pri:3, instance:tests.LoginTest@648c94da]" started-at="2021-10-10T16:32:02 GMT-03:00" name="loginWithEmptyPasswordTest" finished-at="2021-10-10T16:32:05 GMT-03:00" duration-ms="2995" status="PASS">
          <reporter-output>
          </reporter-output>
        </test-method> <!-- loginWithEmptyPasswordTest -->
        <test-method is-config="true" signature="afterMethod()[pri:0, instance:tests.LoginTest@648c94da]" started-at="2021-10-10T16:32:05 GMT-03:00" name="afterMethod" finished-at="2021-10-10T16:32:06 GMT-03:00" duration-ms="732" status="PASS">
          <reporter-output>
          </reporter-output>
        </test-method> <!-- afterMethod -->
        <test-method is-config="true" signature="beforeMethod()[pri:0, instance:tests.LoginTest@648c94da]" started-at="2021-10-10T16:32:06 GMT-03:00" name="beforeMethod" finished-at="2021-10-10T16:32:12 GMT-03:00" duration-ms="6492" status="PASS">
          <reporter-output>
          </reporter-output>
        </test-method> <!-- beforeMethod -->
        <test-method signature="loginWithInvalidEmailTest()[pri:4, instance:tests.LoginTest@648c94da]" started-at="2021-10-10T16:32:12 GMT-03:00" name="loginWithInvalidEmailTest" finished-at="2021-10-10T16:32:15 GMT-03:00" duration-ms="2589" status="PASS">
          <reporter-output>
          </reporter-output>
        </test-method> <!-- loginWithInvalidEmailTest -->
        <test-method is-config="true" signature="afterMethod()[pri:0, instance:tests.LoginTest@648c94da]" started-at="2021-10-10T16:32:15 GMT-03:00" name="afterMethod" finished-at="2021-10-10T16:32:15 GMT-03:00" duration-ms="729" status="PASS">
          <reporter-output>
          </reporter-output>
        </test-method> <!-- afterMethod -->
      </class> <!-- tests.LoginTest -->
    </test> <!-- Default test -->
  </suite> <!-- Default suite -->
</testng-results>
