<?xml version="1.0" encoding="UTF-8"?>
<!-- Generated by org.testng.reporters.JUnitXMLReporter -->
<testsuite ignored="0" hostname="HP" failures="0" tests="4" name="Default test" time="42.156" errors="0" timestamp="2021-10-10T16:32:15 GMT-03:00">
  <testcase classname="tests.LoginTest" name="loginWithWrongEmailPasswordTest" time="2.714"/>
  <testcase classname="tests.LoginTest" name="loginWithEmptyEmailTest" time="2.468"/>
  <testcase classname="tests.LoginTest" name="loginWithEmptyPasswordTest" time="2.995"/>
  <testcase classname="tests.LoginTest" name="loginWithInvalidEmailTest" time="2.589"/>
</testsuite> <!-- Default test -->
